{"action":"http","method":"GET","path":"/fapi/v1/exchangeInfo","params":{"symbol":"BTCUSDT"},"status":200,"level":"INFO","ts":"2025-09-29T10:55:11"}
{"action":"place_order","kind":"market","params":{"symbol":"BTCUSDT","side":"BUY","type":"MARKET","quantity":0.001,"reduceOnly":false},"level":"INFO","ts":"2025-09-29T10:55:11"}
{"action":"http","method":"GET","path":"/fapi/v1/exchangeInfo","params":{"symbol":"BTCUSDT"},"status":200,"level":"INFO","ts":"2025-09-29T11:04:38"}
{"action":"place_order","kind":"market","params":{"symbol":"BTCUSDT","side":"BUY","type":"MARKET","quantity":0.001,"reduceOnly":false},"level":"INFO","ts":"2025-09-29T11:04:38"}
{"action":"http-dryrun","method":"POST","path":"/fapi/v1/order","params":{"symbol":"BTCUSDT","side":"BUY","type":"MARKET","quantity":0.001,"reduceOnly":false,"timestamp":1759143878939,"recvWindow":5000,"signature":"b7e9ff825d356f9579b7504d44ea133de4da02b5afb87e7b75abf57442dd946f"},"level":"INFO","ts":"2025-09-29T11:04:38"}
{"action":"http","method":"GET","path":"/fapi/v1/exchangeInfo","params":{"symbol":"BTCUSDT"},"status":200,"latencyMs":905,"reqId":"16597f72-4368-4165-a866-124c5dfb57b3","level":"INFO","ts":"2025-09-29T11:21:09"}
{"action":"place_order","kind":"market","params":{"symbol":"BTCUSDT","side":"BUY","type":"MARKET","quantity":0.001,"reduceOnly":false},"level":"INFO","ts":"2025-09-29T11:21:09","reqId":"3ccdd3db-1812-470b-9f05-db177eddeffb"}
{"action":"http-dryrun","method":"POST","path":"/fapi/v1/order","params":{"symbol":"BTCUSDT","side":"BUY","type":"MARKET","quantity":0.001,"reduceOnly":false,"timestamp":1759144869606,"recvWindow":5000,"signature":"8efaffbb76c130968988661b0e8fc0761b869e0809dc640d261c44ff541cc669"},"reqId":"16597f72-4368-4165-a866-124c5dfb57b3","level":"INFO","ts":"2025-09-29T11:21:09"}
{"action":"http","method":"GET","path":"/fapi/v1/exchangeInfo","params":{"symbol":"BTCUSDT"},"status":200,"latencyMs":804,"reqId":"395c426b-0314-40ad-b903-5e0251cb5ba9","level":"INFO","ts":"2025-09-29T11:21:33"}
{"action":"place_order","kind":"limit","params":{"symbol":"BTCUSDT","side":"SELL","type":"LIMIT","timeInForce":"GTC","quantity":0.001,"price":70000.0,"reduceOnly":false},"level":"INFO","ts":"2025-09-29T11:21:33","reqId":"f810bf61-a4be-4527-b8c5-758d56093210"}
{"action":"http-dryrun","method":"POST","path":"/fapi/v1/order","params":{"symbol":"BTCUSDT","side":"SELL","type":"LIMIT","timeInForce":"GTC","quantity":0.001,"price":70000.0,"reduceOnly":false,"timestamp":1759144893659,"recvWindow":5000,"signature":"e8139dc67aeb6ff59ed1531ae770a0560fa3b30455ce13925e7082388ef98a00"},"reqId":"395c426b-0314-40ad-b903-5e0251cb5ba9","level":"INFO","ts":"2025-09-29T11:21:33"}
{"action":"http","method":"GET","path":"/fapi/v1/exchangeInfo","params":{"symbol":"BTCUSDT"},"status":200,"latencyMs":817,"reqId":"695ddb34-87fd-48c8-a504-72eee83846d3","level":"INFO","ts":"2025-09-29T11:21:49"}
{"action":"place_order","kind":"stop_limit","params":{"symbol":"BTCUSDT","side":"SELL","type":"STOP","timeInForce":"GTC","quantity":0.001,"price":68950.0,"stopPrice":69000.0,"workingType":"CONTRACT_PRICE","priceProtect":true,"reduceOnly":false},"level":"INFO","ts":"2025-09-29T11:21:49","reqId":"61afdde4-9a85-46e5-bf2e-29dee4b7bcf4"}
{"action":"http-dryrun","method":"POST","path":"/fapi/v1/order","params":{"symbol":"BTCUSDT","side":"SELL","type":"STOP","timeInForce":"GTC","quantity":0.001,"price":68950.0,"stopPrice":69000.0,"workingType":"CONTRACT_PRICE","priceProtect":true,"reduceOnly":false,"timestamp":1759144909014,"recvWindow":5000,"signature":"82bdc0920daa39ae27d5b88572fbeafe19eeb9824bc1d902be068670081de5a3"},"reqId":"695ddb34-87fd-48c8-a504-72eee83846d3","level":"INFO","ts":"2025-09-29T11:21:49"}
{"action":"http","method":"GET","path":"/fapi/v1/exchangeInfo","params":{"symbol":"BTCUSDT"},"status":200,"latencyMs":590,"reqId":"59c53eac-c957-4b49-959c-49f32d9c7ab4","level":"INFO","ts":"2025-09-29T11:22:10"}
{"action":"place_order","kind":"oco_tp","params":{"symbol":"BTCUSDT","side":"SELL","timeInForce":"GTC","quantity":0.001,"reduceOnly":false,"type":"LIMIT","price":72000.0},"level":"INFO","ts":"2025-09-29T11:22:10","reqId":"a7d178a8-77a0-4ca0-969c-65545298dc99"}
{"action":"http-dryrun","method":"POST","path":"/fapi/v1/order","params":{"symbol":"BTCUSDT","side":"SELL","timeInForce":"GTC","quantity":0.001,"reduceOnly":false,"type":"LIMIT","price":72000.0,"timestamp":1759144930210,"recvWindow":5000,"signature":"4259ab44b435987bfd5ed42ee5193d1635970b982d380271cee0c6391abc276f"},"reqId":"59c53eac-c957-4b49-959c-49f32d9c7ab4","level":"INFO","ts":"2025-09-29T11:22:10"}
{"action":"place_order","kind":"oco_sl","params":{"symbol":"BTCUSDT","side":"SELL","timeInForce":"GTC","quantity":0.001,"reduceOnly":false,"type":"STOP","price":68450.0,"stopPrice":68500.0,"workingType":"CONTRACT_PRICE"},"level":"INFO","ts":"2025-09-29T11:22:10","reqId":"37ba197f-a32c-4d7e-bc54-3614be172798"}
{"action":"http-dryrun","method":"POST","path":"/fapi/v1/order","params":{"symbol":"BTCUSDT","side":"SELL","timeInForce":"GTC","quantity":0.001,"reduceOnly":false,"type":"STOP","price":68450.0,"stopPrice":68500.0,"workingType":"CONTRACT_PRICE","timestamp":1759144930211,"recvWindow":5000,"signature":"9cfd00cdf408fc11a201deda93cdf7f8d740f26af31594e9ea9c5f8cbc680070"},"reqId":"59c53eac-c957-4b49-959c-49f32d9c7ab4","level":"INFO","ts":"2025-09-29T11:22:10"}
{"action":"grid_order","idx":1,"levels":5,"price":68000.0,"level":"INFO","ts":"2025-09-29T11:22:18","reqId":"5f78b6e3-ae10-43af-9462-fca865f9d1c9"}
{"action":"http","method":"GET","path":"/fapi/v1/exchangeInfo","params":{"symbol":"BTCUSDT"},"status":200,"latencyMs":356,"reqId":"c3264c74-ae79-40a0-a9ec-50b432dc848c","level":"INFO","ts":"2025-09-29T11:22:19"}
{"action":"place_order","kind":"limit","params":{"symbol":"BTCUSDT","side":"SELL","type":"LIMIT","timeInForce":"GTC","quantity":0.001,"price":68000.0,"reduceOnly":false},"level":"INFO","ts":"2025-09-29T11:22:19","reqId":"7d1c4c19-5d99-4182-8853-3ac88f02c4d5"}
{"action":"http-dryrun","method":"POST","path":"/fapi/v1/order","params":{"symbol":"BTCUSDT","side":"SELL","type":"LIMIT","timeInForce":"GTC","quantity":0.001,"price":68000.0,"reduceOnly":false,"timestamp":1759144939224,"recvWindow":5000,"signature":"12f991563c39a7946b0da833db379bd91ac307d43a4280c59526ef5f9f3b7172"},"reqId":"c3264c74-ae79-40a0-a9ec-50b432dc848c","level":"INFO","ts":"2025-09-29T11:22:19"}
{"action":"grid_order","idx":2,"levels":5,"price":69000.0,"level":"INFO","ts":"2025-09-29T11:22:19","reqId":"82a162f8-02e4-4018-898e-99e3bc2aa46b"}
{"action":"place_order","kind":"limit","params":{"symbol":"BTCUSDT","side":"SELL","type":"LIMIT","timeInForce":"GTC","quantity":0.001,"price":69000.0,"reduceOnly":false},"level":"INFO","ts":"2025-09-29T11:22:19","reqId":"e6dd4359-d47e-42d1-9339-9a56a0e76451"}
{"action":"http-dryrun","method":"POST","path":"/fapi/v1/order","params":{"symbol":"BTCUSDT","side":"SELL","type":"LIMIT","timeInForce":"GTC","quantity":0.001,"price":69000.0,"reduceOnly":false,"timestamp":1759144939225,"recvWindow":5000,"signature":"389815dca0c689d2b82892de9b5088b77de37e2feccd43ab702e5537f5036a98"},"reqId":"c3264c74-ae79-40a0-a9ec-50b432dc848c","level":"INFO","ts":"2025-09-29T11:22:19"}
{"action":"grid_order","idx":3,"levels":5,"price":70000.0,"level":"INFO","ts":"2025-09-29T11:22:19","reqId":"f1a7ecd2-2baf-4026-a485-55231115be2d"}
{"action":"place_order","kind":"limit","params":{"symbol":"BTCUSDT","side":"SELL","type":"LIMIT","timeInForce":"GTC","quantity":0.001,"price":70000.0,"reduceOnly":false},"level":"INFO","ts":"2025-09-29T11:22:19","reqId":"50ba122a-a252-4158-9626-f95ee481e495"}
{"action":"http-dryrun","method":"POST","path":"/fapi/v1/order","params":{"symbol":"BTCUSDT","side":"SELL","type":"LIMIT","timeInForce":"GTC","quantity":0.001,"price":70000.0,"reduceOnly":false,"timestamp":1759144939226,"recvWindow":5000,"signature":"1e418228a0f458e792f29aca6b3562028e7594cba70934956df971aa47836361"},"reqId":"c3264c74-ae79-40a0-a9ec-50b432dc848c","level":"INFO","ts":"2025-09-29T11:22:19"}
{"action":"grid_order","idx":4,"levels":5,"price":71000.0,"level":"INFO","ts":"2025-09-29T11:22:19","reqId":"21ecd5e7-3c01-4509-9c08-284332e2f83a"}
{"action":"place_order","kind":"limit","params":{"symbol":"BTCUSDT","side":"SELL","type":"LIMIT","timeInForce":"GTC","quantity":0.001,"price":71000.0,"reduceOnly":false},"level":"INFO","ts":"2025-09-29T11:22:19","reqId":"2a59f923-c42b-4bdd-b918-06e969f83ff8"}
{"action":"http-dryrun","method":"POST","path":"/fapi/v1/order","params":{"symbol":"BTCUSDT","side":"SELL","type":"LIMIT","timeInForce":"GTC","quantity":0.001,"price":71000.0,"reduceOnly":false,"timestamp":1759144939228,"recvWindow":5000,"signature":"95c106b7908725d0ba56828545ab864775523b99d913a3123a9b81e076f98346"},"reqId":"c3264c74-ae79-40a0-a9ec-50b432dc848c","level":"INFO","ts":"2025-09-29T11:22:19"}
{"action":"grid_order","idx":5,"levels":5,"price":72000.0,"level":"INFO","ts":"2025-09-29T11:22:19","reqId":"370ac1e0-0d75-4896-83f2-472a54f14af4"}
{"action":"place_order","kind":"limit","params":{"symbol":"BTCUSDT","side":"SELL","type":"LIMIT","timeInForce":"GTC","quantity":0.001,"price":72000.0,"reduceOnly":false},"level":"INFO","ts":"2025-09-29T11:22:19","reqId":"34b19846-3be7-470f-9662-29dfd9d1fc33"}
{"action":"http-dryrun","method":"POST","path":"/fapi/v1/order","params":{"symbol":"BTCUSDT","side":"SELL","type":"LIMIT","timeInForce":"GTC","quantity":0.001,"price":72000.0,"reduceOnly":false,"timestamp":1759144939229,"recvWindow":5000,"signature":"af7f9f5d0ce4ed2737f7b73808f8805f43a6b3b887fb9f698c4d370d11f64f12"},"reqId":"c3264c74-ae79-40a0-a9ec-50b432dc848c","level":"INFO","ts":"2025-09-29T11:22:19"}
{"action":"http-dryrun","method":"POST","path":"/fapi/v1/leverage","params":{"symbol":"3","leverage":1,"timestamp":1759148353164,"recvWindow":5000,"signature":"e114becfd7fca49ca2c135fdffa8903fe0bf0f6b276e9bb85aa1b14584213cd5"},"reqId":null,"level":"INFO","ts":"2025-09-29T12:19:13"}
{"action":"http","method":"GET","path":"/fapi/v1/exchangeInfo","params":{"symbol":"3"},"status":200,"latencyMs":772,"reqId":null,"level":"INFO","ts":"2025-09-29T12:19:17"}
{"action":"place_order","kind":"limit","params":{"symbol":"3","side":"1","type":"LIMIT","timeInForce":"1","quantity":1.0,"price":10.0,"reduceOnly":false},"level":"INFO","ts":"2025-09-29T12:19:17","reqId":"60f8bff2-e230-40b6-b5ee-19b1f5773451"}
{"action":"http-dryrun","method":"POST","path":"/fapi/v1/order","params":{"symbol":"3","side":"1","type":"LIMIT","timeInForce":"1","quantity":1.0,"price":10.0,"reduceOnly":false,"timestamp":1759148357472,"recvWindow":5000,"signature":"4aeb5aa7c54069df586753884e7cae409bde6aca5e9c9be5a55c70f4d4e7ebcd"},"reqId":null,"level":"INFO","ts":"2025-09-29T12:19:17"}
{"action":"http","method":"GET","path":"/fapi/v1/exchangeInfo","params":{"symbol":"BTCUSDT"},"status":200,"latencyMs":747,"reqId":"a89bf3cd-3d18-4d92-bd67-d692c55009fa","level":"INFO","ts":"2025-09-29T17:16:30"}
{"action":"place_order","kind":"market","params":{"symbol":"BTCUSDT","side":"BUY","type":"MARKET","quantity":0.001,"reduceOnly":false},"level":"INFO","ts":"2025-09-29T17:16:30","reqId":"1c62b5f6-5a76-4d10-8601-aae179dbe965"}
{"action":"http-dryrun","method":"POST","path":"/fapi/v1/order","params":{"symbol":"BTCUSDT","side":"BUY","type":"MARKET","quantity":0.001,"reduceOnly":false,"timestamp":1759166190193,"recvWindow":5000,"signature":"e1ca36c176ed2d3b3a725ab1b556c8ee156bf35b7fa14c851d321c2e0e5a4693"},"reqId":"a89bf3cd-3d18-4d92-bd67-d692c55009fa","level":"INFO","ts":"2025-09-29T17:16:30"}
